c:\work\examplecplusplus\examplecplusplus\examplecplusplus\debug\vc120.pdb
c:\work\examplecplusplus\examplecplusplus\examplecplusplus\debug\vc120.idb
c:\work\examplecplusplus\examplecplusplus\examplecplusplus\debug\guiapplication.obj
c:\work\examplecplusplus\examplecplusplus\examplecplusplus\debug\commandcoordinator.obj
c:\work\examplecplusplus\examplecplusplus\examplecplusplus\debug\entity.obj
c:\work\examplecplusplus\examplecplusplus\examplecplusplus\debug\advancedsoundsingleton.obj
c:\work\examplecplusplus\examplecplusplus\examplecplusplus\debug\basicsoundsingleton.obj
c:\work\examplecplusplus\examplecplusplus\examplecplusplus\debug\singletonservicemanager.obj
c:\work\examplecplusplus\examplecplusplus\examplecplusplus\debug\soundservicesingleton.obj
c:\work\examplecplusplus\examplecplusplus\examplecplusplus\debug\basicstatemachine.obj
c:\work\examplecplusplus\examplecplusplus\examplecplusplus\debug\statestack.obj
c:\work\examplecplusplus\examplecplusplus\examplecplusplus\debug\subject.obj
c:\work\examplecplusplus\examplecplusplus\examplecplusplus\debug\flexiblesubject.obj
c:\work\examplecplusplus\examplecplusplus\debug\examplecplusplus.lib
c:\work\examplecplusplus\examplecplusplus\examplecplusplus\debug\examplecplusplus.tlog\cl.command.1.tlog
c:\work\examplecplusplus\examplecplusplus\examplecplusplus\debug\examplecplusplus.tlog\cl.read.1.tlog
c:\work\examplecplusplus\examplecplusplus\examplecplusplus\debug\examplecplusplus.tlog\cl.write.1.tlog
c:\work\examplecplusplus\examplecplusplus\examplecplusplus\debug\examplecplusplus.tlog\lib-link.read.1.tlog
c:\work\examplecplusplus\examplecplusplus\examplecplusplus\debug\examplecplusplus.tlog\lib-link.write.1.tlog
c:\work\examplecplusplus\examplecplusplus\examplecplusplus\debug\examplecplusplus.tlog\lib.command.1.tlog
