Build started 2/12/2015 1:27:44 PM.
     1>Project "C:\work\ExampleCPlusPlus\ExampleCPlusPlus\ExampleCPlusPlus\ExampleCPlusPlus.vcxproj" on node 2 (Build target(s)).
     1>ClCompile:
         C:\Program Files (x86)\Microsoft Visual Studio 12.0\VC\bin\CL.exe /c /Zi /nologo /W3 /WX- /O2 /Oi /Oy- /GL /D WIN32 /D NDEBUG /D _LIB /D _UNICODE /D UNICODE /Gm- /EHsc /MD /GS /Gy /fp:precise /Zc:wchar_t /Zc:forScope /Fo"Release\\" /Fd"Release\vc120.pdb" /Gd /TP /analyze- /errorReport:prompt DesignPatterns\AbstractFactory\GuiApplication.cpp DesignPatterns\Command\CommandCoordinator.cpp DesignPatterns\EntityComponent\Entity.cpp DesignPatterns\Observer\Subject.cpp DesignPatterns\Singleton\AdvancedManagedSingleton\AdvancedSoundSingleton.cpp DesignPatterns\Singleton\BasicSoundSingleton\BasicSoundSingleton.cpp DesignPatterns\Singleton\SingletonsAsServices\SingletonServiceManager.cpp DesignPatterns\Singleton\SingletonsAsServices\SoundServiceSingleton.cpp DesignPatterns\State\BasicState\BasicStateMachine.cpp DesignPatterns\State\StateStack\StateStack.cpp
         GuiApplication.cpp
         CommandCoordinator.cpp
         Entity.cpp
         Subject.cpp
         AdvancedSoundSingleton.cpp
         BasicSoundSingleton.cpp
         SingletonServiceManager.cpp
         SoundServiceSingleton.cpp
         BasicStateMachine.cpp
         StateStack.cpp
       Lib:
         C:\Program Files (x86)\Microsoft Visual Studio 12.0\VC\bin\Lib.exe /OUT:"C:\work\ExampleCPlusPlus\ExampleCPlusPlus\Release\ExampleCPlusPlus.lib" /NOLOGO /LTCG Release\GuiApplication.obj
         Release\CommandCoordinator.obj
         Release\Entity.obj
         Release\Subject.obj
         Release\AdvancedSoundSingleton.obj
         Release\BasicSoundSingleton.obj
         Release\SingletonServiceManager.obj
         Release\SoundServiceSingleton.obj
         Release\BasicStateMachine.obj
         Release\StateStack.obj
         ExampleCPlusPlus.vcxproj -> C:\work\ExampleCPlusPlus\ExampleCPlusPlus\Release\ExampleCPlusPlus.lib
     1>Done Building Project "C:\work\ExampleCPlusPlus\ExampleCPlusPlus\ExampleCPlusPlus\ExampleCPlusPlus.vcxproj" (Build target(s)).

Build succeeded.

Time Elapsed 00:00:01.42
